Drill report for mainboard_pcb.kicad_pcb
Created on 2025-04-10T10:55:43+0200

Copper Layer Stackup:
    =============================================================
    L1 :  F.Cu                      front
    L2 :  B.Cu                      back


Drill file 'mainboard_pcb-PTH.drl' contains
    plated through holes:
    =============================================================
    T1  0.700mm  0.0276"  (40 holes)
    T2  0.800mm  0.0315"  (96 holes)
    T3  0.900mm  0.0354"  (16 holes)
    T4  1.000mm  0.0394"  (66 holes)
    T5  1.190mm  0.0469"  (24 holes)
    T6  1.300mm  0.0512"  (6 holes)

    Total plated holes count 248


Drill file 'mainboard_pcb-NPTH.drl' contains
    unplated through holes:
    =============================================================
    T1  3.200mm  0.1260"  (4 holes)

    Total unplated holes count 4
